<?xml version="1.0" encoding="UTF-8"?>
<!-- Generated by org.testng.reporters.JUnitReportReporter -->
<testsuite hostname="DESKTOP-15ML99K" failures="0" tests="3" name="tests.CitySelectTest" time="15.989" errors="0" timestamp="2022-09-06T18:44:04 SAMT" skipped="0">
  <testcase classname="tests.CitySelectTest" name="citySelect" time="5.141"/>
  <system-out/>
  <testcase classname="tests.CitySelectTest" name="citySelect" time="4.824"/>
  <system-out/>
  <testcase classname="tests.CitySelectTest" name="citySelect" time="6.024"/>
  <system-out/>
</testsuite> <!-- tests.CitySelectTest -->
