<?xml version="1.0" encoding="UTF-8"?>
<!-- Generated by org.testng.reporters.JUnitReportReporter -->
<testsuite hostname="DESKTOP-15ML99K" failures="0" tests="2" name="tests.AppointmentTest" time="12.217" errors="0" timestamp="2022-09-06T18:44:04 SAMT" skipped="0">
  <testcase classname="tests.AppointmentTest" name="popupAppointmentAppear" time="5.171"/>
  <system-out/>
  <testcase classname="tests.AppointmentTest" name="fillingAppointmentFormTest" time="7.046"/>
  <system-out/>
</testsuite> <!-- tests.AppointmentTest -->
