<?xml version="1.0" encoding="UTF-8"?>
<!-- Generated by org.testng.reporters.JUnitReportReporter -->
<testsuite hostname="DESKTOP-15ML99K" failures="0" tests="3" name="tests.SearchTest" time="20.293" errors="0" timestamp="2022-09-06T18:44:04 SAMT" skipped="0">
  <testcase classname="tests.SearchTest" name="maxSearchItemsTest" time="5.792"/>
  <system-out/>
  <testcase classname="tests.SearchTest" name="searchResultsLinkToServiceTest" time="8.746"/>
  <system-out/>
  <testcase classname="tests.SearchTest" name="searchFromSearchResultsPage" time="5.755"/>
  <system-out/>
</testsuite> <!-- tests.SearchTest -->
